<?xml version="1.0" encoding="UTF-8"?>
<!-- Generated by org.testng.reporters.JUnitXMLReporter -->
<testsuite ignored="0" hostname="DEC1486" failures="0" tests="1" name="Test" time="0.129" errors="0" timestamp="2025-08-10T23:28:54 IST">
  <testcase classname="testCases.BaseClass" name="@BeforeClass setupApp" time="-1.75484873413E9">
    <failure type="org.testng.TestNGException" message="
Parameter &amp;apos;os&amp;apos; is required by BeforeClass on method setupApp but has not been marked @Optional or defined
in D:\Automation\OpenCart_V1\master.xml">
      <![CDATA[org.testng.TestNGException: 
Parameter 'os' is required by BeforeClass on method setupApp but has not been marked @Optional or defined
in D:\Automation\OpenCart_V1\master.xml
at java.base/java.util.ArrayList.forEach(ArrayList.java:1596)
... Removed 22 stack frames]]>
    </failure>
  </testcase> <!-- @BeforeClass setupApp -->
  <testcase classname="testCases.BaseClass" name="@AfterClass tearDown" time="0.0">
    <skipped/>
  </testcase> <!-- @AfterClass tearDown -->
  <testcase classname="testCases.TC001_AccountRegistration" name="RegisterUser" time="0.0">
    <skipped/>
  </testcase> <!-- RegisterUser -->
</testsuite> <!-- Test -->
