<?xml version="1.0" encoding="UTF-8"?>
<!-- Generated by org.testng.reporters.JUnitXMLReporter -->
<testsuite ignored="0" hostname="DEC1486" failures="1" tests="1" name="chromeMasterTest(failed)" time="19.764" errors="0" timestamp="2025-08-15T11:19:41 IST">
  <testcase classname="testCases.TC001_AccountRegistration" name="RegisterUser" time="12.975">
    <failure type="java.lang.AssertionError" message="expected [true] but found [false]">
      <![CDATA[java.lang.AssertionError: expected [true] but found [false]
at testCases.TC001_AccountRegistration.RegisterUser(TC001_AccountRegistration.java:56)
at java.base/java.util.ArrayList.forEach(ArrayList.java:1596)
... Removed 29 stack frames]]>
    </failure>
  </testcase> <!-- RegisterUser -->
</testsuite> <!-- chromeMasterTest(failed) -->
